This is pdfTeX, Version 3.1415926-2.5-1.40.14 (TeX Live 2013/W32TeX) (format=pdflatex 2014.4.17)  25 NOV 2015 17:38
entering extended mode
 restricted \write18 enabled.
 %&-line parsing enabled.
**SeanHayesPaper1longtable.tex
(./SeanHayesPaper1longtable.tex
LaTeX2e <2011/06/27>
Babel <3.9k> and hyphenation patterns for 78 languages loaded.

LaTeX Warning: File `example.eps' already exists on the system.
               Not generating it from this source.

(c:/texlive/2013/texmf-dist/tex/latex/base/fix-cm.sty
Package: fix-cm 2006/09/13 v1.1m fixes to LaTeX

(c:/texlive/2013/texmf-dist/tex/latex/base/ts1enc.def
File: ts1enc.def 2001/06/05 v3.0e (jk/car/fm) Standard LaTeX file
)) (./svjour3.cls
Document Class: svjour3 2007/05/08 v3.2 
LaTeX document class for Springer journals
(c:/texlive/2013/texmf-dist/tex/latex/base/fleqn.clo
File: fleqn.clo 1998/08/17 v1.1c Standard LaTeX option (flush left equations)
\mathindent=\dimen102
)
Class Springer-SVJour3 Info: extra/valid Springer sub-package (-> *.clo) 
(Springer-SVJour3)           not found in option list of \documentclass
(Springer-SVJour3)           - autoactivating "global" style.
 (./svglov3.clo
File: svglov3.clo 2009/12/18 v3.2 style option for standardised journals

SVJour Class option: svglov3.clo for standardised journals
)
LaTeX Font Info:    Redeclaring math symbol \Gamma on input line 147.
LaTeX Font Info:    Redeclaring math symbol \Delta on input line 148.
LaTeX Font Info:    Redeclaring math symbol \Theta on input line 149.
LaTeX Font Info:    Redeclaring math symbol \Lambda on input line 150.
LaTeX Font Info:    Redeclaring math symbol \Xi on input line 151.
LaTeX Font Info:    Redeclaring math symbol \Pi on input line 152.
LaTeX Font Info:    Redeclaring math symbol \Sigma on input line 153.
LaTeX Font Info:    Redeclaring math symbol \Upsilon on input line 154.
LaTeX Font Info:    Redeclaring math symbol \Phi on input line 155.
LaTeX Font Info:    Redeclaring math symbol \Psi on input line 156.
LaTeX Font Info:    Redeclaring math symbol \Omega on input line 157.
\logodepth=\dimen103
\headerboxheight=\dimen104
\betweenumberspace=\dimen105
\aftertext=\dimen106
\headlineindent=\dimen107
\c@inst=\count79
\c@auth=\count80
\instindent=\dimen108
\authrun=\box26
\authorrunning=\toks14
\titrun=\box27
\titlerunning=\toks15
\combirun=\box28
\c@lastpage=\count81
\rubricwidth=\dimen109
\c@section=\count82
\c@subsection=\count83
\c@subsubsection=\count84
\c@paragraph=\count85
\c@subparagraph=\count86
\spthmsep=\dimen110
\c@theorem=\count87
\c@case=\count88
\c@conjecture=\count89
\c@corollary=\count90
\c@definition=\count91
\c@example=\count92
\c@exercise=\count93
\c@lemma=\count94
\c@note=\count95
\c@problem=\count96
\c@property=\count97
\c@proposition=\count98
\c@question=\count99
\c@solution=\count100
\c@remark=\count101
\c@figure=\count102
\c@table=\count103
\abovecaptionskip=\skip41
\belowcaptionskip=\skip42
\figcapgap=\dimen111
\tabcapgap=\dimen112
\figgap=\dimen113
\bibindent=\dimen114
\@tempcntc=\count104
) (c:/texlive/2013/texmf-dist/tex/latex/graphics/graphicx.sty
Package: graphicx 1999/02/16 v1.0f Enhanced LaTeX Graphics (DPC,SPQR)

(c:/texlive/2013/texmf-dist/tex/latex/graphics/keyval.sty
Package: keyval 1999/03/16 v1.13 key=value parser (DPC)
\KV@toks@=\toks16
)
(c:/texlive/2013/texmf-dist/tex/latex/graphics/graphics.sty
Package: graphics 2009/02/05 v1.0o Standard LaTeX Graphics (DPC,SPQR)

(c:/texlive/2013/texmf-dist/tex/latex/graphics/trig.sty
Package: trig 1999/03/16 v1.09 sin cos tan (DPC)
)
(c:/texlive/2013/texmf-dist/tex/latex/latexconfig/graphics.cfg
File: graphics.cfg 2010/04/23 v1.9 graphics configuration of TeX Live
)
Package graphics Info: Driver file: pdftex.def on input line 91.

(c:/texlive/2013/texmf-dist/tex/latex/pdftex-def/pdftex.def
File: pdftex.def 2011/05/27 v0.06d Graphics/color for pdfTeX

(c:/texlive/2013/texmf-dist/tex/generic/oberdiek/infwarerr.sty
Package: infwarerr 2010/04/08 v1.3 Providing info/warning/error messages (HO)
)
(c:/texlive/2013/texmf-dist/tex/generic/oberdiek/ltxcmds.sty
Package: ltxcmds 2011/11/09 v1.22 LaTeX kernel commands for general use (HO)
)
\Gread@gobject=\count105
))
\Gin@req@height=\dimen115
\Gin@req@width=\dimen116
)
(c:/texlive/2013/texmf-dist/tex/latex/psnfss/mathptmx.sty
Package: mathptmx 2005/04/12 PSNFSS-v9.2a Times w/ Math, improved (SPQR, WaS) 
LaTeX Font Info:    Redeclaring symbol font `operators' on input line 28.
LaTeX Font Info:    Overwriting symbol font `operators' in version `normal'
(Font)                  OT1/cmr/m/n --> OT1/ztmcm/m/n on input line 28.
LaTeX Font Info:    Overwriting symbol font `operators' in version `bold'
(Font)                  OT1/cmr/bx/n --> OT1/ztmcm/m/n on input line 28.
LaTeX Font Info:    Redeclaring symbol font `letters' on input line 29.
LaTeX Font Info:    Overwriting symbol font `letters' in version `normal'
(Font)                  OML/cmm/m/it --> OML/ztmcm/m/it on input line 29.
LaTeX Font Info:    Overwriting symbol font `letters' in version `bold'
(Font)                  OML/cmm/b/it --> OML/ztmcm/m/it on input line 29.
LaTeX Font Info:    Redeclaring symbol font `symbols' on input line 30.
LaTeX Font Info:    Overwriting symbol font `symbols' in version `normal'
(Font)                  OMS/cmsy/m/n --> OMS/ztmcm/m/n on input line 30.
LaTeX Font Info:    Overwriting symbol font `symbols' in version `bold'
(Font)                  OMS/cmsy/b/n --> OMS/ztmcm/m/n on input line 30.
LaTeX Font Info:    Redeclaring symbol font `largesymbols' on input line 31.
LaTeX Font Info:    Overwriting symbol font `largesymbols' in version `normal'
(Font)                  OMX/cmex/m/n --> OMX/ztmcm/m/n on input line 31.
LaTeX Font Info:    Overwriting symbol font `largesymbols' in version `bold'
(Font)                  OMX/cmex/m/n --> OMX/ztmcm/m/n on input line 31.
\symbold=\mathgroup4
\symitalic=\mathgroup5
LaTeX Font Info:    Redeclaring math alphabet \mathbf on input line 34.
LaTeX Font Info:    Overwriting math alphabet `\mathbf' in version `normal'
(Font)                  OT1/cmr/bx/n --> OT1/ptm/bx/n on input line 34.
LaTeX Font Info:    Overwriting math alphabet `\mathbf' in version `bold'
(Font)                  OT1/cmr/bx/n --> OT1/ptm/bx/n on input line 34.
LaTeX Font Info:    Redeclaring math alphabet \mathit on input line 35.
LaTeX Font Info:    Overwriting math alphabet `\mathit' in version `normal'
(Font)                  OT1/cmr/m/it --> OT1/ptm/m/it on input line 35.
LaTeX Font Info:    Overwriting math alphabet `\mathit' in version `bold'
(Font)                  OT1/cmr/bx/it --> OT1/ptm/m/it on input line 35.
LaTeX Info: Redefining \hbar on input line 50.
)
(c:/texlive/2013/texmf-dist/tex/latex/natbib/natbib.sty
Package: natbib 2010/09/13 8.31b (PWD, AO)
\bibhang=\skip43
\bibsep=\skip44
LaTeX Info: Redefining \cite on input line 694.
\c@NAT@ctr=\count106
)
(c:/texlive/2013/texmf-dist/tex/latex/hyperref/hyperref.sty
Package: hyperref 2012/11/06 v6.83m Hypertext links for LaTeX

(c:/texlive/2013/texmf-dist/tex/generic/oberdiek/hobsub-hyperref.sty
Package: hobsub-hyperref 2012/05/28 v1.13 Bundle oberdiek, subset hyperref (HO)


(c:/texlive/2013/texmf-dist/tex/generic/oberdiek/hobsub-generic.sty
Package: hobsub-generic 2012/05/28 v1.13 Bundle oberdiek, subset generic (HO)
Package: hobsub 2012/05/28 v1.13 Construct package bundles (HO)
Package hobsub Info: Skipping package `infwarerr' (already loaded).
Package hobsub Info: Skipping package `ltxcmds' (already loaded).
Package: ifluatex 2010/03/01 v1.3 Provides the ifluatex switch (HO)
Package ifluatex Info: LuaTeX not detected.
Package: ifvtex 2010/03/01 v1.5 Detect VTeX and its facilities (HO)
Package ifvtex Info: VTeX not detected.
Package: intcalc 2007/09/27 v1.1 Expandable calculations with integers (HO)
Package: ifpdf 2011/01/30 v2.3 Provides the ifpdf switch (HO)
Package ifpdf Info: pdfTeX in PDF mode is detected.
Package: etexcmds 2011/02/16 v1.5 Avoid name clashes with e-TeX commands (HO)
Package etexcmds Info: Could not find \expanded.
(etexcmds)             That can mean that you are not using pdfTeX 1.50 or
(etexcmds)             that some package has redefined \expanded.
(etexcmds)             In the latter case, load this package earlier.
Package: kvsetkeys 2012/04/25 v1.16 Key value parser (HO)
Package: kvdefinekeys 2011/04/07 v1.3 Define keys (HO)
Package: pdftexcmds 2011/11/29 v0.20 Utility functions of pdfTeX for LuaTeX (HO
)
Package pdftexcmds Info: LuaTeX not detected.
Package pdftexcmds Info: \pdf@primitive is available.
Package pdftexcmds Info: \pdf@ifprimitive is available.
Package pdftexcmds Info: \pdfdraftmode found.
Package: pdfescape 2011/11/25 v1.13 Implements pdfTeX's escape features (HO)
Package: bigintcalc 2012/04/08 v1.3 Expandable calculations on big integers (HO
)
Package: bitset 2011/01/30 v1.1 Handle bit-vector datatype (HO)
Package: uniquecounter 2011/01/30 v1.2 Provide unlimited unique counter (HO)
)
Package hobsub Info: Skipping package `hobsub' (already loaded).
Package: letltxmacro 2010/09/02 v1.4 Let assignment for LaTeX macros (HO)
Package: hopatch 2012/05/28 v1.2 Wrapper for package hooks (HO)
Package: xcolor-patch 2011/01/30 xcolor patch
Package: atveryend 2011/06/30 v1.8 Hooks at the very end of document (HO)
Package atveryend Info: \enddocument detected (standard20110627).
Package: atbegshi 2011/10/05 v1.16 At begin shipout hook (HO)
Package: refcount 2011/10/16 v3.4 Data extraction from label references (HO)
Package: hycolor 2011/01/30 v1.7 Color options for hyperref/bookmark (HO)
)
(c:/texlive/2013/texmf-dist/tex/generic/ifxetex/ifxetex.sty
Package: ifxetex 2010/09/12 v0.6 Provides ifxetex conditional
)
(c:/texlive/2013/texmf-dist/tex/latex/oberdiek/auxhook.sty
Package: auxhook 2011/03/04 v1.3 Hooks for auxiliary files (HO)
)
(c:/texlive/2013/texmf-dist/tex/latex/oberdiek/kvoptions.sty
Package: kvoptions 2011/06/30 v3.11 Key value format for package options (HO)
)
\@linkdim=\dimen117
\Hy@linkcounter=\count107
\Hy@pagecounter=\count108

(c:/texlive/2013/texmf-dist/tex/latex/hyperref/pd1enc.def
File: pd1enc.def 2012/11/06 v6.83m Hyperref: PDFDocEncoding definition (HO)
)
\Hy@SavedSpaceFactor=\count109

(c:/texlive/2013/texmf-dist/tex/latex/latexconfig/hyperref.cfg
File: hyperref.cfg 2002/06/06 v1.2 hyperref configuration of TeXLive
)
Package hyperref Info: Hyper figures OFF on input line 4443.
Package hyperref Info: Link nesting OFF on input line 4448.
Package hyperref Info: Hyper index ON on input line 4451.
Package hyperref Info: Plain pages OFF on input line 4458.
Package hyperref Info: Backreferencing OFF on input line 4463.
Package hyperref Info: Implicit mode ON; LaTeX internals redefined.
Package hyperref Info: Bookmarks ON on input line 4688.
\c@Hy@tempcnt=\count110

(c:/texlive/2013/texmf-dist/tex/latex/url/url.sty
\Urlmuskip=\muskip10
Package: url 2013/09/16  ver 3.4  Verb mode for urls, etc.
)
LaTeX Info: Redefining \url on input line 5041.
\XeTeXLinkMargin=\dimen118
\Fld@menulength=\count111
\Field@Width=\dimen119
\Fld@charsize=\dimen120
Package hyperref Info: Hyper figures OFF on input line 6295.
Package hyperref Info: Link nesting OFF on input line 6300.
Package hyperref Info: Hyper index ON on input line 6303.
Package hyperref Info: backreferencing OFF on input line 6310.
Package hyperref Info: Link coloring OFF on input line 6315.
Package hyperref Info: Link coloring with OCG OFF on input line 6320.
Package hyperref Info: PDF/A mode OFF on input line 6325.
LaTeX Info: Redefining \ref on input line 6365.
LaTeX Info: Redefining \pageref on input line 6369.
\Hy@abspage=\count112
\c@Item=\count113
\c@Hfootnote=\count114
)

Package hyperref Message: Driver (autodetected): hpdftex.

(c:/texlive/2013/texmf-dist/tex/latex/hyperref/hpdftex.def
File: hpdftex.def 2012/11/06 v6.83m Hyperref driver for pdfTeX
\Fld@listcount=\count115
\c@bookmark@seq@number=\count116

(c:/texlive/2013/texmf-dist/tex/latex/oberdiek/rerunfilecheck.sty
Package: rerunfilecheck 2011/04/15 v1.7 Rerun checks for auxiliary files (HO)
Package uniquecounter Info: New unique counter `rerunfilecheck' on input line 2
82.
)
\Hy@SectionHShift=\skip45
)
(c:/texlive/2013/texmf-dist/tex/latex/booktabs/booktabs.sty
Package: booktabs 2005/04/14 v1.61803 publication quality tables
\heavyrulewidth=\dimen121
\lightrulewidth=\dimen122
\cmidrulewidth=\dimen123
\belowrulesep=\dimen124
\belowbottomsep=\dimen125
\aboverulesep=\dimen126
\abovetopsep=\dimen127
\cmidrulesep=\dimen128
\cmidrulekern=\dimen129
\defaultaddspace=\dimen130
\@cmidla=\count117
\@cmidlb=\count118
\@aboverulesep=\dimen131
\@belowrulesep=\dimen132
\@thisruleclass=\count119
\@lastruleclass=\count120
\@thisrulewidth=\dimen133
)
(c:/texlive/2013/texmf-dist/tex/latex/multirow/multirow.sty
\bigstrutjot=\dimen134
)
(c:/texlive/2013/texmf-dist/tex/latex/tools/tabularx.sty
Package: tabularx 1999/01/07 v2.07 `tabularx' package (DPC)

(c:/texlive/2013/texmf-dist/tex/latex/tools/array.sty
Package: array 2008/09/09 v2.4c Tabular extension package (FMi)
\col@sep=\dimen135
\extrarowheight=\dimen136
\NC@list=\toks17
\extratabsurround=\skip46
\backup@length=\skip47
)
\TX@col@width=\dimen137
\TX@old@table=\dimen138
\TX@old@col=\dimen139
\TX@target=\dimen140
\TX@delta=\dimen141
\TX@cols=\count121
\TX@ftn=\toks18
)
(c:/texlive/2013/texmf-dist/tex/latex/tools/longtable.sty
Package: longtable 2004/02/01 v4.11 Multi-page Table package (DPC)
\LTleft=\skip48
\LTright=\skip49
\LTpre=\skip50
\LTpost=\skip51
\LTchunksize=\count122
\LTcapwidth=\dimen142
\LT@head=\box29
\LT@firsthead=\box30
\LT@foot=\box31
\LT@lastfoot=\box32
\LT@cols=\count123
\LT@rows=\count124
\c@LT@tables=\count125
\c@LT@chunks=\count126
\LT@p@ftn=\toks19
)
(c:/texlive/2013/texmf-dist/tex/latex/lipsum/lipsum.sty
Package: lipsum 2011/04/14 v1.2 150 paragraphs of Lorem Ipsum dummy text
\c@lips@count=\count127
)
(./SeanHayesPaper1longtable.aux)
\openout1 = `SeanHayesPaper1longtable.aux'.

LaTeX Font Info:    Checking defaults for OML/cmm/m/it on input line 73.
LaTeX Font Info:    ... okay on input line 73.
LaTeX Font Info:    Checking defaults for T1/cmr/m/n on input line 73.
LaTeX Font Info:    ... okay on input line 73.
LaTeX Font Info:    Checking defaults for OT1/cmr/m/n on input line 73.
LaTeX Font Info:    ... okay on input line 73.
LaTeX Font Info:    Checking defaults for OMS/cmsy/m/n on input line 73.
LaTeX Font Info:    ... okay on input line 73.
LaTeX Font Info:    Checking defaults for OMX/cmex/m/n on input line 73.
LaTeX Font Info:    ... okay on input line 73.
LaTeX Font Info:    Checking defaults for U/cmr/m/n on input line 73.
LaTeX Font Info:    ... okay on input line 73.
LaTeX Font Info:    Checking defaults for TS1/cmr/m/n on input line 73.
LaTeX Font Info:    ... okay on input line 73.
LaTeX Font Info:    Checking defaults for PD1/pdf/m/n on input line 73.
LaTeX Font Info:    ... okay on input line 73.
LaTeX Font Info:    Try loading font information for OT1+ptm on input line 73.

(c:/texlive/2013/texmf-dist/tex/latex/psnfss/ot1ptm.fd
File: ot1ptm.fd 2001/06/04 font definitions for OT1/ptm.
)
(c:/texlive/2013/texmf-dist/tex/context/base/supp-pdf.mkii
[Loading MPS to PDF converter (version 2006.09.02).]
\scratchcounter=\count128
\scratchdimen=\dimen143
\scratchbox=\box33
\nofMPsegments=\count129
\nofMParguments=\count130
\everyMPshowfont=\toks20
\MPscratchCnt=\count131
\MPscratchDim=\dimen144
\MPnumerator=\count132
\makeMPintoPDFobject=\count133
\everyMPtoPDFconversion=\toks21
) (c:/texlive/2013/texmf-dist/tex/latex/oberdiek/epstopdf-base.sty
Package: epstopdf-base 2010/02/09 v2.5 Base part for package epstopdf

(c:/texlive/2013/texmf-dist/tex/latex/oberdiek/grfext.sty
Package: grfext 2010/08/19 v1.1 Manage graphics extensions (HO)
)
Package grfext Info: Graphics extension search list:
(grfext)             [.png,.pdf,.jpg,.mps,.jpeg,.jbig2,.jb2,.PNG,.PDF,.JPG,.JPE
G,.JBIG2,.JB2,.eps]
(grfext)             \AppendGraphicsExtensions on input line 452.

(c:/texlive/2013/texmf-dist/tex/latex/latexconfig/epstopdf-sys.cfg
File: epstopdf-sys.cfg 2010/07/13 v1.3 Configuration of (r)epstopdf for TeX Liv
e
))
\big@size=\dimen145
\AtBeginShipoutBox=\box34
Package hyperref Info: Link coloring OFF on input line 73.

(c:/texlive/2013/texmf-dist/tex/latex/hyperref/nameref.sty
Package: nameref 2012/10/27 v2.43 Cross-referencing by name of section

(c:/texlive/2013/texmf-dist/tex/generic/oberdiek/gettitlestring.sty
Package: gettitlestring 2010/12/03 v1.4 Cleanup title references (HO)
)
\c@section@level=\count134
)
LaTeX Info: Redefining \ref on input line 73.
LaTeX Info: Redefining \pageref on input line 73.
LaTeX Info: Redefining \nameref on input line 73.

(./SeanHayesPaper1longtable.out) (./SeanHayesPaper1longtable.out)
\@outlinefile=\write3
\openout3 = `SeanHayesPaper1longtable.out'.

LaTeX Font Info:    Font shape `OT1/ptm/bx/n' in size <10> not available
(Font)              Font shape `OT1/ptm/b/n' tried instead on input line 107.
LaTeX Font Info:    Font shape `OT1/ptm/bx/n' in size <16> not available
(Font)              Font shape `OT1/ptm/b/n' tried instead on input line 107.


Package mathptmx Warning: There are no bold math fonts on input line 107.

LaTeX Font Info:    Try loading font information for OT1+ztmcm on input line 10
7.
(c:/texlive/2013/texmf-dist/tex/latex/psnfss/ot1ztmcm.fd
File: ot1ztmcm.fd 2000/01/03 Fontinst v1.801 font definitions for OT1/ztmcm.
)
LaTeX Font Info:    Try loading font information for OML+ztmcm on input line 10
7.

(c:/texlive/2013/texmf-dist/tex/latex/psnfss/omlztmcm.fd
File: omlztmcm.fd 2000/01/03 Fontinst v1.801 font definitions for OML/ztmcm.
)
LaTeX Font Info:    Try loading font information for OMS+ztmcm on input line 10
7.

(c:/texlive/2013/texmf-dist/tex/latex/psnfss/omsztmcm.fd
File: omsztmcm.fd 2000/01/03 Fontinst v1.801 font definitions for OMS/ztmcm.
)
LaTeX Font Info:    Try loading font information for OMX+ztmcm on input line 10
7.

(c:/texlive/2013/texmf-dist/tex/latex/psnfss/omxztmcm.fd
File: omxztmcm.fd 2000/01/03 Fontinst v1.801 font definitions for OMX/ztmcm.
)
LaTeX Font Info:    Font shape `OT1/ptm/bx/n' in size <7.4> not available
(Font)              Font shape `OT1/ptm/b/n' tried instead on input line 107.
LaTeX Font Info:    Font shape `OT1/ptm/bx/n' in size <6> not available
(Font)              Font shape `OT1/ptm/b/n' tried instead on input line 107.
LaTeX Font Info:    Calculating math sizes for size <8.5> on input line 107.
LaTeX Font Info:    Font shape `OT1/ptm/bx/n' in size <8.5> not available
(Font)              Font shape `OT1/ptm/b/n' tried instead on input line 107.
LaTeX Font Info:    Font shape `OT1/ptm/bx/n' in size <6.29004> not available
(Font)              Font shape `OT1/ptm/b/n' tried instead on input line 107.
LaTeX Font Info:    Font shape `OT1/ptm/bx/n' in size <5.10005> not available
(Font)              Font shape `OT1/ptm/b/n' tried instead on input line 107.

Overfull \hbox (1.26398pt too wide) in paragraph at lines 109--111
[]\OT1/ptm/m/n/10 Insert your ab-stract here. In-clude key-words, PACS
 []

Missing character: There is no ‚ in font ptmr7t!
Missing character: There is no Ä in font ptmr7t!
Missing character: There is no ô in font ptmr7t!
Missing character: There is no ‚ in font ptmr7t!
Missing character: There is no Ä in font ptmr7t!
Missing character: There is no ú in font ptmr7t!
Missing character: There is no ‚ in font ptmr7t!
Missing character: There is no Ä in font ptmr7t!
Missing character: There is no ù in font ptmr7t!

Underfull \vbox (badness 5741) has occurred while \output is active []


Underfull \hbox (badness 10000) in paragraph at lines 134--134
[]|\OT1/ptm/m/n/8.5 Performance Man-
 []


Underfull \hbox (badness 10000) in paragraph at lines 136--136
[]|\OT1/ptm/m/n/8.5 Maintenance Con-
 []


Underfull \hbox (badness 2922) in paragraph at lines 137--137
\OT1/ptm/m/n/8.5 com-mon op-por-tu-ni-
 []


Underfull \hbox (badness 2512) in paragraph at lines 137--138
[]|\OT1/ptm/m/n/8.5 Dependent on skill
 []


Underfull \hbox (badness 10000) in paragraph at lines 138--138
[]|\OT1/ptm/m/n/8.5 Sequence Con-
 []


Underfull \hbox (badness 1210) in paragraph at lines 138--138
[]|\OT1/ptm/m/n/8.5 Can draw on man-
 []


Underfull \hbox (badness 2922) in paragraph at lines 138--139
[]|\OT1/ptm/m/n/8.5 Initial con-fig-u-ra-tion
 []


Underfull \hbox (badness 3049) in paragraph at lines 138--139
\OT1/ptm/m/n/8.5 may not be main-
 []


Underfull \hbox (badness 4120) in paragraph at lines 139--139
\OT1/ptm/m/n/8.5 mon-i-tor-ing ca-pa-bil-
 []


Underfull \hbox (badness 2512) in paragraph at lines 139--140
[]|\OT1/ptm/m/n/8.5 Dependent on skill
 []


Underfull \hbox (badness 5637) in paragraph at lines 139--140
\OT1/ptm/m/n/8.5 level of BMS re-
 []


Underfull \hbox (badness 10000) in paragraph at lines 139--140
\OT1/ptm/m/n/8.5 viewer. Un-able to
 []


Underfull \hbox (badness 3049) in paragraph at lines 139--140
\OT1/ptm/m/n/8.5 pick up on sen-sor
 []


Overfull \hbox (12.10574pt too wide) in paragraph at lines 132--143
 [][][] 
 []

[1{c:/texlive/2013/texmf-var/fonts/map/pdftex/updmap/pdftex.map}


]
Package epstopdf Info: Source file: <./Images/PharmacyCompAir.eps>
(epstopdf)                    date: 2015-11-23 15:40:21
(epstopdf)                    size: 35675 bytes
(epstopdf)             Output file: <./Images/PharmacyCompAir-eps-converted-to.
pdf>
(epstopdf)                    date: 2015-11-23 15:40:30
(epstopdf)                    size: 19670 bytes
(epstopdf)             Command: <repstopdf --outfile=./Images/PharmacyCompAir-e
ps-converted-to.pdf ./Images/PharmacyCompAir.eps>
(epstopdf)             \includegraphics on input line 151.
Package epstopdf Info: Output file is already uptodate.

<./Images/PharmacyCompAir-eps-converted-to.pdf, id=97, 541.02126pt x 255.95625p
t>
File: ./Images/PharmacyCompAir-eps-converted-to.pdf Graphic file (type pdf)
 <use ./Images/PharmacyCompAir-eps-converted-to.pdf>
Package pdftex.def Info: ./Images/PharmacyCompAir-eps-converted-to.pdf used on 
input line 151.
(pdftex.def)             Requested size: 495.0pt x 234.18985pt.

<./Images/CompApps.pdf, id=98, 304.63812pt x 309.155pt>
File: ./Images/CompApps.pdf Graphic file (type pdf)

<use ./Images/CompApps.pdf>
Package pdftex.def Info: ./Images/CompApps.pdf used on input line 157.
(pdftex.def)             Requested size: 238.96417pt x 242.51266pt.

<./Images/CompressorClassification.pdf, id=99, 963.6pt x 542.025pt>
File: ./Images/CompressorClassification.pdf Graphic file (type pdf)

<use ./Images/CompressorClassification.pdf>
Package pdftex.def Info: ./Images/CompressorClassification.pdf used on input li
ne 163.
(pdftex.def)             Requested size: 495.0pt x 278.43057pt.

Underfull \hbox (badness 10000) in paragraph at lines 178--178
[]|\OT1/ptm/m/n/8.5 Monitor sys-tem
 []


Underfull \hbox (badness 10000) in paragraph at lines 178--178
\OT1/ptm/m/n/8.5 for the iden-ti-fied
 []


Underfull \hbox (badness 10000) in paragraph at lines 178--179
[]|\OT1/ptm/m/n/8.5 Using vi-bra-tion,
 []


Underfull \hbox (badness 2057) in paragraph at lines 178--179
\OT1/ptm/m/n/8.5 sig-nals to di-ag-nose
 []


Underfull \hbox (badness 5726) in paragraph at lines 178--179
\OT1/ptm/m/n/8.5 valve faults for a
 []


Underfull \hbox (badness 10000) in paragraph at lines 178--179
\OT1/ptm/m/n/8.5 re-cip-ro-cat-ing com-
 []


Underfull \hbox (badness 3690) in paragraph at lines 178--179
\OT1/ptm/m/n/8.5 pres-sor []Tran et al[]
 []


Underfull \hbox (badness 10000) in paragraph at lines 179--179
[]|\OT1/ptm/m/n/8.5 Monitoring sys-
 []


Underfull \hbox (badness 7558) in paragraph at lines 179--179
\OT1/ptm/m/n/8.5 tem pa-ram-e-ters to
 []


Underfull \hbox (badness 10000) in paragraph at lines 179--179
\OT1/ptm/m/n/8.5 de-ter-mine when
 []


Underfull \hbox (badness 10000) in paragraph at lines 179--179
\OT1/ptm/m/n/8.5 a com-po-nent of
 []


Underfull \hbox (badness 7595) in paragraph at lines 179--179
\OT1/ptm/m/n/8.5 a sys-tem will no
 []


Underfull \hbox (badness 6608) in paragraph at lines 179--179
\OT1/ptm/m/n/8.5 longer per-form its
 []


Underfull \hbox (badness 10000) in paragraph at lines 179--179
\OT1/ptm/m/n/8.5 in-tended func-tion
 []


Underfull \hbox (badness 4886) in paragraph at lines 179--179
[]\OT1/ptm/m/n/8.5 Vacht-se-vanos et al[]
 []


Underfull \hbox (badness 2512) in paragraph at lines 179--180
\OT1/ptm/m/n/8.5 main-ing use-ful life
 []


Underfull \hbox (badness 2073) in paragraph at lines 179--180
\OT1/ptm/m/n/8.5 pres-sure and am-bi-
 []


Underfull \hbox (badness 1337) in paragraph at lines 179--180
\OT1/ptm/m/n/8.5 ter-son and Costello[]
 []


Underfull \hbox (badness 10000) in paragraph at lines 180--180
[]|\OT1/ptm/m/n/8.5 Monitoring sys-tem
 []


Underfull \hbox (badness 7558) in paragraph at lines 180--180
\OT1/ptm/m/n/8.5 pa-ram-e-ters to dis-
 []


Underfull \hbox (badness 10000) in paragraph at lines 180--180
\OT1/ptm/m/n/8.5 cover mean-ing-ful
 []


Underfull \hbox (badness 2512) in paragraph at lines 180--180
\OT1/ptm/m/n/8.5 ad-vise on po-ten-tial
 []


Underfull \hbox (badness 10000) in paragraph at lines 180--180
\OT1/ptm/m/n/8.5 im-prove-ments to
 []

Missing character: There is no ‚ in font ptmr7t!
Missing character: There is no Ä in font ptmr7t!
Missing character: There is no ô in font ptmr7t!

Underfull \hbox (badness 10000) in paragraph at lines 180--181
[]|\OT1/ptm/m/n/8.5 Determining ab-
 []


Underfull \hbox (badness 10000) in paragraph at lines 180--181
\OT1/ptm/m/n/8.5 nor-mal ap-pli-ance
 []


Underfull \hbox (badness 4739) in paragraph at lines 180--181
\OT1/ptm/m/n/8.5 power con-sump-tion
 []


Underfull \hbox (badness 10000) in paragraph at lines 180--181
\OT1/ptm/m/n/8.5 based on anal-y-sis
 []


Underfull \hbox (badness 1478) in paragraph at lines 180--181
\OT1/ptm/m/n/8.5 of in-di-vid-ual ap-pli-
 []


Underfull \hbox (badness 10000) in paragraph at lines 181--181
\OT1/ptm/m/n/8.5 and doc-u-ment-ing
 []


Underfull \hbox (badness 10000) in paragraph at lines 181--181
\OT1/ptm/m/n/8.5 the cur-rent user
 []


Underfull \hbox (badness 1354) in paragraph at lines 181--182
\OT1/ptm/m/n/8.5 ing out the nor-mal
 []


Underfull \hbox (badness 1983) in paragraph at lines 181--182
\OT1/ptm/m/n/8.5 dur-ing com-mis-sion-
 []


Underfull \hbox (badness 10000) in paragraph at lines 182--182
[]|\OT1/ptm/m/n/8.5 Improving sys-tem
 []


Underfull \hbox (badness 1342) in paragraph at lines 182--182
\OT1/ptm/m/n/8.5 op-er-a-tion or de-sign
 []


Underfull \hbox (badness 10000) in paragraph at lines 182--183
[]|\OT1/ptm/m/n/8.5 Development of a
 []


Underfull \hbox (badness 1953) in paragraph at lines 182--183
\OT1/ptm/m/n/8.5 tool which de-liv-ers
 []


Underfull \hbox (badness 10000) in paragraph at lines 182--183
\OT1/ptm/m/n/8.5 an op-ti-mal de-sign
 []


Underfull \hbox (badness 10000) in paragraph at lines 182--183
\OT1/ptm/m/n/8.5 for a com-pressed
 []


Underfull \hbox (badness 4739) in paragraph at lines 183--183
\OT1/ptm/m/n/8.5 a-tion of a sys-tem
 []


Underfull \hbox (badness 1924) in paragraph at lines 183--183
\OT1/ptm/m/n/8.5 in or-der that op-er-
 []


Underfull \hbox (badness 1048) in paragraph at lines 183--183
\OT1/ptm/m/n/8.5 at-ing con-di-tions re-
 []


Underfull \hbox (badness 1158) in paragraph at lines 183--183
\OT1/ptm/m/n/8.5 sign states and un-
 []


Underfull \hbox (badness 2529) in paragraph at lines 183--183
\OT1/ptm/m/n/8.5 de-sir-able states are
 []


Underfull \hbox (badness 10000) in paragraph at lines 183--184
[]|\OT1/ptm/m/n/8.5 Development of a
 []


Underfull \hbox (badness 10000) in paragraph at lines 183--184
\OT1/ptm/m/n/8.5 sors that pro-vides
 []


Underfull \hbox (badness 10000) in paragraph at lines 183--184
\OT1/ptm/m/n/8.5 ca-pa-bil-i-ties of a
 []


Underfull \hbox (badness 2269) in paragraph at lines 183--184
\OT1/ptm/m/n/8.5 vari-able speed sys-
 []


Underfull \hbox (badness 4205) in paragraph at lines 183--184
\OT1/ptm/m/n/8.5 tem while lim-it-ing
 []


Underfull \hbox (badness 10000) in paragraph at lines 183--184
[]\OT1/ptm/m/n/8.5 Facchinetti et al[]
 []


Overfull \hbox (12.10574pt too wide) in paragraph at lines 174--187
 [][][] 
 []

Package epstopdf Info: Source file: <./Images/perfmgmt.eps>
(epstopdf)                    date: 2015-11-24 15:53:03
(epstopdf)                    size: 288378 bytes
(epstopdf)             Output file: <./Images/perfmgmt-eps-converted-to.pdf>
(epstopdf)                    date: 2015-11-24 15:53:18
(epstopdf)                    size: 148524 bytes
(epstopdf)             Command: <repstopdf --outfile=./Images/perfmgmt-eps-conv
erted-to.pdf ./Images/perfmgmt.eps>
(epstopdf)             \includegraphics on input line 194.
Package epstopdf Info: Output file is already uptodate.
<./Images/perfmgmt-eps-converted-to.pdf, id=116, 997.7275pt x 613.29124pt>
File: ./Images/perfmgmt-eps-converted-to.pdf Graphic file (type pdf)

<use ./Images/perfmgmt-eps-converted-to.pdf>
Package pdftex.def Info: ./Images/perfmgmt-eps-converted-to.pdf used on input l
ine 194.
(pdftex.def)             Requested size: 495.0pt x 304.26791pt.

Underfull \vbox (badness 5217) has occurred while \output is active []


Overfull \vbox (60.0pt too high) detected at line 207
 []


Underfull \hbox (badness 10000) in paragraph at lines 207--207
[]|\OT1/ptm/m/n/8.5 Computationally ex-pen-
 []


Underfull \hbox (badness 3503) in paragraph at lines 207--208
[]|\OT1/ptm/m/n/8.5 Surge con-trol for ax-ial
 []


Underfull \hbox (badness 3930) in paragraph at lines 208--209
[]|\OT1/ptm/m/n/8.5 Fault de-tec-tion for gas
 []


Underfull \hbox (badness 10000) in paragraph at lines 210--211
[]|\OT1/ptm/m/n/8.5 Leakage de-tec-tion of
 []


Underfull \hbox (badness 10000) in paragraph at lines 210--211
\OT1/ptm/m/n/8.5 a pneu-matic net-work
 []


Underfull \hbox (badness 10000) in paragraph at lines 210--211
[]\OT1/ptm/m/n/8.5 Krichel and Sawodny[]
 []


Overfull \vbox (80.0pt too high) detected at line 212
 []


Underfull \hbox (badness 10000) in paragraph at lines 212--212
[]|\OT1/ptm/m/n/8.5 Observers re-quired for
 []


Underfull \hbox (badness 10000) in paragraph at lines 212--213
[]|\OT1/ptm/m/n/8.5 Fault de-tec-tion of a
 []


Underfull \hbox (badness 1596) in paragraph at lines 212--213
\OT1/ptm/m/n/8.5 steam boiler feed wa-ter
 []

Missing character: There is no ‚ in font ptmr7t!
Missing character: There is no Ä in font ptmr7t!
Missing character: There is no ô in font ptmr7t!

Underfull \hbox (badness 6268) in paragraph at lines 213--214
[]|\OT1/ptm/m/n/8.5 Estimation of a steam
 []


Underfull \hbox (badness 3503) in paragraph at lines 214--215
[]|\OT1/ptm/m/n/8.5 Surge con-trol for ax-ial
 []


Underfull \hbox (badness 10000) in paragraph at lines 216--216
[]|\OT1/ptm/m/n/8.5 Rearranging and trans-
 []


Underfull \hbox (badness 10000) in paragraph at lines 216--216
\OT1/ptm/m/n/8.5 form-ing input-output
 []


Underfull \hbox (badness 6842) in paragraph at lines 216--217
\OT1/ptm/m/n/8.5 lin-ear parameter-varying
 []


Underfull \hbox (badness 10000) in paragraph at lines 216--217
\OT1/ptm/m/n/8.5 par-ity equa-tions []Blesa
 []


Underfull \hbox (badness 1661) in paragraph at lines 219--219
[]|\OT1/ptm/m/n/8.5 Detailed phys-i-cal model
 []


Underfull \hbox (badness 10000) in paragraph at lines 219--220
[]|\OT1/ptm/m/n/8.5 Optimisation of the
 []


Underfull \hbox (badness 8170) in paragraph at lines 219--220
\OT1/ptm/m/n/8.5 mod-elling of a mul-ti-
 []


Underfull \hbox (badness 5622) in paragraph at lines 219--220
\OT1/ptm/m/n/8.5 stage com-pres-sor us-ing
 []


Underfull \hbox (badness 4144) in paragraph at lines 219--220
\OT1/ptm/m/n/8.5 pa-ram-e-ter es-ti-ma-tion to
 []


Overfull \hbox (10.48187pt too wide) in paragraph at lines 203--223
[][]
 []

Missing character: There is no ‚ in font ptmr7t!
Missing character: There is no Ä in font ptmr7t!
Missing character: There is no ô in font ptmr7t!

Underfull \hbox (badness 4859) in paragraph at lines 233--233
[]|\OT1/ptm/m/n/8.5 Using if-then-else rules
 []


Underfull \hbox (badness 10000) in paragraph at lines 233--233
\OT1/ptm/m/n/8.5 re-mains undis-cov-
 []


Underfull \hbox (badness 5711) in paragraph at lines 233--234
\OT1/ptm/m/n/8.5 an air com-pres-sor []Liu[]
 []


Underfull \hbox (badness 8075) in paragraph at lines 235--236
[]|\OT1/ptm/m/n/8.5 Analysis frame-work of
 []


Underfull \hbox (badness 4995) in paragraph at lines 235--236
\OT1/ptm/m/n/8.5 fault de-tec-tion schemes
 []


Underfull \hbox (badness 1442) in paragraph at lines 237--237
\OT1/ptm/m/n/8.5 proach, e.g. for main-te-
 []


Underfull \hbox (badness 1231) in paragraph at lines 237--237
\OT1/ptm/m/n/8.5 nance strat-egy, over an-
 []


Underfull \hbox (badness 1132) in paragraph at lines 237--237
\OT1/ptm/m/n/8.5 other based on pair-wise
 []


Underfull \hbox (badness 4144) in paragraph at lines 239--239
[]|\OT1/ptm/m/n/8.5 Analysis of com-pres-sor
 []


Underfull \hbox (badness 1132) in paragraph at lines 239--239
[]|\OT1/ptm/m/n/8.5 Allows for dis-cov-ery of
 []


Underfull \hbox (badness 1552) in paragraph at lines 239--239
\OT1/ptm/m/n/8.5 for each po-ten-tial spec-
 []


Underfull \hbox (badness 10000) in paragraph at lines 239--240
\OT1/ptm/m/n/8.5 cip-ro-cat-ing com-pres-sors
 []


Underfull \hbox (badness 5592) in paragraph at lines 241--241
[]|\OT1/ptm/m/n/8.5 Postulation of po-ten-tial
 []


Underfull \hbox (badness 3098) in paragraph at lines 241--241
\OT1/ptm/m/n/8.5 ta-tion of hu-man ex-pert
 []

Missing character: There is no ‚ in font ptmr7t!
Missing character: There is no Ä in font ptmr7t!
Missing character: There is no ô in font ptmr7t!

Underfull \hbox (badness 3375) in paragraph at lines 243--243
[]|\OT1/ptm/m/n/8.5 Analysis of site equip-
 []


Underfull \hbox (badness 2662) in paragraph at lines 243--243
\OT1/ptm/m/n/8.5 ment po-ten-tial ar-eas of
 []


Underfull \hbox (badness 1975) in paragraph at lines 243--244
[]|\OT1/ptm/m/n/8.5 Compressor safety eval-
 []


Underfull \hbox (badness 1342) in paragraph at lines 243--244
\OT1/ptm/m/n/8.5 u-a-tion model []Zhu et al[]
 []


Underfull \hbox (badness 1496) in paragraph at lines 245--245
[]|\OT1/ptm/m/n/8.5 Derivation of qual-i-ta-tive
 []


Underfull \hbox (badness 10000) in paragraph at lines 245--245
\OT1/ptm/m/n/8.5 equa-tions from fun-da-
 []


Underfull \hbox (badness 10000) in paragraph at lines 245--245
\OT1/ptm/m/n/8.5 gov-ern-ing sys-tem op-
 []


Underfull \hbox (badness 10000) in paragraph at lines 245--245
\OT1/ptm/m/n/8.5 er-a-tion to al-low for
 []


Underfull \hbox (badness 1371) in paragraph at lines 245--245
\OT1/ptm/m/n/8.5 anal-y-sis with-out ex-plicit
 []


Underfull \hbox (badness 1796) in paragraph at lines 245--245
[]|\OT1/ptm/m/n/8.5 No re-quire-ment for nu-
 []


Underfull \hbox (badness 2478) in paragraph at lines 245--245
\OT1/ptm/m/n/8.5 mer-i-cally ac-cu-rate mea-
 []


Underfull \hbox (badness 10000) in paragraph at lines 245--245
[]|\OT1/ptm/m/n/8.5 Requires ini-tial un-der-
 []


Underfull \hbox (badness 10000) in paragraph at lines 245--245
\OT1/ptm/m/n/8.5 stand-ing of phys-i-cal
 []


Underfull \hbox (badness 10000) in paragraph at lines 245--245
\OT1/ptm/m/n/8.5 pro-cesses gov-ern-ing
 []


Underfull \hbox (badness 5316) in paragraph at lines 245--246
[]|\OT1/ptm/m/n/8.5 Fault De-tec-tion for an
 []


Underfull \hbox (badness 1412) in paragraph at lines 247--247
\OT1/ptm/m/n/8.5 po-rate sys-tem be-haviour
 []


Underfull \hbox (badness 3118) in paragraph at lines 247--247
\OT1/ptm/m/n/8.5 main ex-per-tise for cre-
 []


Overfull \vbox (30.0pt too high) detected at line 249
 []


Overfull \vbox (20.0pt too high) detected at line 249
 []


Underfull \hbox (badness 10000) in paragraph at lines 250--250
[]|\OT1/ptm/m/n/8.5 Correct se-lec-tion of
 []


Underfull \hbox (badness 1629) in paragraph at lines 250--250
\OT1/ptm/m/n/8.5 thresh-olds de-pen-dent on
 []


Overfull \hbox (10.48187pt too wide) in paragraph at lines 229--254
 [][][] 
 []

[2 <./Images/CompApps.pdf>] [3 <./Images/PharmacyCompAir-eps-converted-to.pdf> 
<./Images/CompressorClassification.pdf>] [4 <./Images/perfmgmt-eps-converted-to
.pdf>] [5] [6]
Overfull \hbox (10.48187pt too wide) in alignment at lines 260--265
 [] [] [] [] [] 
 []


Overfull \hbox (10.48187pt too wide) in alignment at lines 265--272
 [] [] [] [] [] 
 []


Underfull \hbox (badness 3343) in paragraph at lines 274--274
[]|\OT1/ptm/m/n/10 Support Vec-tor Ma-
 []


Underfull \hbox (badness 10000) in paragraph at lines 274--274
\OT1/ptm/m/n/10 chine / Rel-e-vance
 []


Underfull \hbox (badness 4647) in paragraph at lines 274--274
[]|\OT1/ptm/m/n/10 A su-per-vised learn-
 []


Underfull \hbox (badness 1888) in paragraph at lines 274--274
\OT1/ptm/m/n/10 ing tech-nique which
 []


Underfull \hbox (badness 3158) in paragraph at lines 274--274
\OT1/ptm/m/n/10 when given a sam-
 []


Underfull \hbox (badness 5548) in paragraph at lines 274--274
\OT1/ptm/m/n/10 ple data set which
 []


Underfull \hbox (badness 1715) in paragraph at lines 274--274
\OT1/ptm/m/n/10 to which class each
 []


Underfull \hbox (badness 8113) in paragraph at lines 274--274
\OT1/ptm/m/n/10 de-ter-mine the op-ti-
 []


Underfull \hbox (badness 1902) in paragraph at lines 274--274
[]|\OT1/ptm/m/n/10 Can ac-cu-rately clas-
 []


Underfull \hbox (badness 1205) in paragraph at lines 274--275
[]|\OT1/ptm/m/n/10 Compressed air load
 []


Underfull \hbox (badness 2035) in paragraph at lines 274--275
\OT1/ptm/m/n/10 fore-cast-ing for large
 []


Underfull \hbox (badness 10000) in paragraph at lines 274--275
\OT1/ptm/m/n/10 Fault di-ag-no-sis for
 []


Underfull \hbox (badness 10000) in paragraph at lines 274--275
\OT1/ptm/m/n/10 re-cip-ro-cat-ing air
 []


Underfull \hbox (badness 10000) in paragraph at lines 274--275
\OT1/ptm/m/n/10 com-pres-sor valves
 []


Underfull \hbox (badness 3635) in paragraph at lines 274--275
[]\OT1/ptm/m/n/10 Wang et al[] ([]2010[]),
 []


Underfull \hbox (badness 2726) in paragraph at lines 274--275
\OT1/ptm/m/n/10 et al[] ([]2012[]), []James
 []


Underfull \hbox (badness 6094) in paragraph at lines 274--275
\OT1/ptm/m/n/10 Li and Yu[] ([]1995[]);
 []


Underfull \hbox (badness 10000) in paragraph at lines 274--275
\OT1/ptm/m/n/10 Fault di-ag-no-sis for
 []


Underfull \hbox (badness 10000) in paragraph at lines 274--275
\OT1/ptm/m/n/10 re-cip-ro-cat-ing air
 []


Underfull \hbox (badness 10000) in paragraph at lines 274--275
\OT1/ptm/m/n/10 com-pres-sors []Verma
 []


Overfull \vbox (112.50003pt too high) detected at line 278
 []


Underfull \hbox (badness 2020) in paragraph at lines 278--278
[]|\OT1/ptm/m/n/10 Decreased sen-si-tiv-ity
 []


Underfull \hbox (badness 5022) in paragraph at lines 278--278
\OT1/ptm/m/n/10 of data anal-y-sis to
 []


Underfull \hbox (badness 10000) in paragraph at lines 278--279
\OT1/ptm/m/n/10 tion for cen-trifu-gal
 []


Underfull \hbox (badness 10000) in paragraph at lines 279--279
[]|\OT1/ptm/m/n/10 Reduced di-men-sion-
 []


Underfull \hbox (badness 8132) in paragraph at lines 279--279
\OT1/ptm/m/n/10 al-ity in-creases data
 []


Underfull \hbox (badness 7379) in paragraph at lines 279--280
[]|\OT1/ptm/m/n/10 Fault de-tec-tion and
 []


Underfull \hbox (badness 2903) in paragraph at lines 279--280
\OT1/ptm/m/n/10 iso-la-tion for a cen-
 []


Underfull \hbox (badness 10000) in paragraph at lines 279--280
\OT1/ptm/m/n/10 trifu-gal com-pres-sor
 []


Underfull \hbox (badness 10000) in paragraph at lines 279--280
[]\OT1/ptm/m/n/10 Zanoli and As-tolfi[]
 []


Underfull \hbox (badness 3954) in paragraph at lines 280--281
[]|\OT1/ptm/m/n/10 Sensor and ac-tu-a-tor
 []


Underfull \hbox (badness 10000) in paragraph at lines 280--281
\OT1/ptm/m/n/10 fault di-ag-no-sis for
 []


Underfull \hbox (badness 10000) in paragraph at lines 280--281
\OT1/ptm/m/n/10 a cen-trifu-gal com-
 []


Underfull \hbox (badness 1975) in paragraph at lines 280--281
\OT1/ptm/m/n/10 pres-sor []Zanoli et al[]
 []


Overfull \vbox (225.00005pt too high) detected at line 284
 []


Underfull \hbox (badness 1210) in paragraph at lines 284--285
\OT1/ptm/m/n/10 pres-sors (Namdeo et
 []


Underfull \hbox (badness 2512) in paragraph at lines 285--286
\OT1/ptm/m/n/10 cip-ro-cat-ing com-pres-
 []


Underfull \hbox (badness 6608) in paragraph at lines 285--286
\OT1/ptm/m/n/10 pa-ram-e-ter iden-ti-fi-ca-
 []


Underfull \hbox (badness 10000) in paragraph at lines 286--287
[]|\OT1/ptm/m/n/10 Performance pre-dic-
 []


Underfull \hbox (badness 1092) in paragraph at lines 286--287
\OT1/ptm/m/n/10 tion of a cen-trifu-gal
 []


Underfull \hbox (badness 6220) in paragraph at lines 286--287
\OT1/ptm/m/n/10 air com-pres-sor em-
 []


Underfull \hbox (badness 10000) in paragraph at lines 286--287
\OT1/ptm/m/n/10 ploy-ing ar-ti-fi-cial
 []


Underfull \hbox (badness 1968) in paragraph at lines 286--287
\OT1/ptm/m/n/10 neu-ral net-works and
 []


Underfull \hbox (badness 10000) in paragraph at lines 286--287
\OT1/ptm/m/n/10 ge-netic al-go-rithms
 []


Underfull \hbox (badness 4805) in paragraph at lines 286--287
[]\OT1/ptm/m/n/10 Luo Fangqiong and
 []


Underfull \hbox (badness 10000) in paragraph at lines 286--287
\OT1/ptm/m/n/10 Huang Shengzhong[]
 []

Missing character: There is no ‚ in font ptmr7t!
Missing character: There is no Ä in font ptmr7t!
Missing character: There is no ô in font ptmr7t!

Underfull \hbox (badness 1502) in paragraph at lines 287--288
[]|\OT1/ptm/m/n/10 Generation of a gas
 []


Underfull \hbox (badness 10000) in paragraph at lines 287--288
\OT1/ptm/m/n/10 gen-er-a-tors com-pres-
 []


Underfull \hbox (badness 10000) in paragraph at lines 287--288
\OT1/ptm/m/n/10 sor per-for-mance
 []


Underfull \hbox (badness 10000) in paragraph at lines 287--288
\OT1/ptm/m/n/10 char-ac-ter-is-tic map
 []


Underfull \hbox (badness 1533) in paragraph at lines 287--288
\OT1/ptm/m/n/10 lam-rezaei[] ([]2009[]) []Yu
 []


Overfull \vbox (87.50005pt too high) detected at line 289
 []


Underfull \hbox (badness 1533) in paragraph at lines 289--290
\OT1/ptm/m/n/10 a her-metic com-pres-
 []


Underfull \hbox (badness 2512) in paragraph at lines 290--291
\OT1/ptm/m/n/10 cip-ro-cat-ing com-pres-
 []


Underfull \hbox (badness 6608) in paragraph at lines 290--291
\OT1/ptm/m/n/10 pa-ram-e-ter iden-ti-fi-ca-
 []


Underfull \hbox (badness 10000) in paragraph at lines 291--292
[]|\OT1/ptm/m/n/10 Performance pre-dic-
 []


Underfull \hbox (badness 1092) in paragraph at lines 291--292
\OT1/ptm/m/n/10 tion of a cen-trifu-gal
 []


Underfull \hbox (badness 6220) in paragraph at lines 291--292
\OT1/ptm/m/n/10 air com-pres-sor em-
 []


Underfull \hbox (badness 10000) in paragraph at lines 291--292
\OT1/ptm/m/n/10 ploy-ing ar-ti-fi-cial
 []


Underfull \hbox (badness 1968) in paragraph at lines 291--292
\OT1/ptm/m/n/10 neu-ral net-works and
 []


Underfull \hbox (badness 10000) in paragraph at lines 291--292
\OT1/ptm/m/n/10 ge-netic al-go-rithms
 []


Underfull \hbox (badness 4805) in paragraph at lines 291--292
[]\OT1/ptm/m/n/10 Luo Fangqiong and
 []


Underfull \hbox (badness 10000) in paragraph at lines 291--292
\OT1/ptm/m/n/10 Huang Shengzhong[]
 []


Underfull \hbox (badness 5359) in paragraph at lines 292--293
[]|\OT1/ptm/m/n/10 Parameter iden-ti-fi-ca-
 []


Underfull \hbox (badness 2495) in paragraph at lines 294--294
[]|\OT1/ptm/m/n/10 Automatic clas-si-fi-ca-
 []


Underfull \hbox (badness 2707) in paragraph at lines 294--294
\OT1/ptm/m/n/10 tion of out-put vari-
 []


Underfull \hbox (badness 5711) in paragraph at lines 294--294
\OT1/ptm/m/n/10 ables by or-gan-is-ing
 []


Underfull \hbox (badness 10000) in paragraph at lines 294--294
[]|\OT1/ptm/m/n/10 Require rea-son-ably
 []


Underfull \hbox (badness 1348) in paragraph at lines 294--294
\OT1/ptm/m/n/10 low data prepa-ra-tion
 []


Underfull \hbox (badness 10000) in paragraph at lines 294--295
\OT1/ptm/m/n/10 mod-u-lar pro-duc-tion
 []


Underfull \hbox (badness 10000) in paragraph at lines 294--295
\OT1/ptm/m/n/10 sys-tem []Demet-gul[]
 []


Underfull \hbox (badness 10000) in paragraph at lines 296--296
[]|\OT1/ptm/m/n/10 Stacked Re-stricted
 []


Underfull \hbox (badness 1655) in paragraph at lines 296--296
\OT1/ptm/m/n/10 Boltz-mann Ma-chines
 []


Underfull \hbox (badness 6658) in paragraph at lines 296--296
\OT1/ptm/m/n/10 (RBMs), which are
 []


Underfull \hbox (badness 10000) in paragraph at lines 296--296
\OT1/ptm/m/n/10 them-selves sim-ple
 []


Underfull \hbox (badness 10000) in paragraph at lines 296--296
\OT1/ptm/m/n/10 un-su-per-vised neu-ral
 []


Underfull \hbox (badness 10000) in paragraph at lines 296--296
\OT1/ptm/m/n/10 un-der-stand-ing of
 []


Underfull \hbox (badness 10000) in paragraph at lines 296--296
\OT1/ptm/m/n/10 data re-la-tion-ships
 []


Underfull \hbox (badness 10000) in paragraph at lines 296--296
\OT1/ptm/m/n/10 ma-chine learn-ing
 []


Underfull \hbox (badness 2418) in paragraph at lines 296--296
[]|\OT1/ptm/m/n/10 Complex to ini-tially
 []


Underfull \hbox (badness 10000) in paragraph at lines 296--297
[]|\OT1/ptm/m/n/10 Reciprocating com-
 []


Underfull \hbox (badness 10000) in paragraph at lines 296--297
\OT1/ptm/m/n/10 pres-sor valve fault
 []


Underfull \hbox (badness 1394) in paragraph at lines 296--297
\OT1/ptm/m/n/10 di-ag-no-sis []Tran et al[]
 []


Overfull \vbox (50.00002pt too high) detected at line 298
 []


Overfull \vbox (37.50002pt too high) detected at line 298
 []


Underfull \hbox (badness 7379) in paragraph at lines 298--299
[]|\OT1/ptm/m/n/10 Fault de-tec-tion and
 []


Underfull \hbox (badness 2903) in paragraph at lines 298--299
\OT1/ptm/m/n/10 iso-la-tion for a cen-
 []


Underfull \hbox (badness 10000) in paragraph at lines 298--299
\OT1/ptm/m/n/10 trifu-gal com-pres-sor
 []


Underfull \hbox (badness 3657) in paragraph at lines 298--299
\OT1/ptm/m/n/10 based on PCA and
 []


Underfull \hbox (badness 10000) in paragraph at lines 299--300
[]|\OT1/ptm/m/n/10 Adaptive clus-ter-ing
 []


Underfull \hbox (badness 10000) in paragraph at lines 299--300
\OT1/ptm/m/n/10 for pneu-matic sys-
 []


Underfull \hbox (badness 10000) in paragraph at lines 299--300
\OT1/ptm/m/n/10 tem fault de-tec-tion
 []


Overfull \vbox (75.00002pt too high) detected at line 301
 []


Overfull \vbox (25.00002pt too high) detected at line 301
 []


Overfull \vbox (25.00002pt too high) detected at line 301
 []


Underfull \hbox (badness 1320) in paragraph at lines 301--302
[]|\OT1/ptm/m/n/10 Fault di-ag-no-sis of a
 []


Underfull \hbox (badness 4634) in paragraph at lines 301--302
\OT1/ptm/m/n/10 pneu-matic air brak-
 []


Underfull \hbox (badness 2772) in paragraph at lines 301--302
\OT1/ptm/m/n/10 ing sys-tem []Lin-gling[]
 []


Underfull \hbox (badness 10000) in paragraph at lines 302--303
[]|\OT1/ptm/m/n/10 Fault de-tec-tion via
 []


Underfull \hbox (badness 10000) in paragraph at lines 302--303
\OT1/ptm/m/n/10 pres-sor vari-ables
 []


Underfull \hbox (badness 10000) in paragraph at lines 302--303
\OT1/ptm/m/n/10 com-pressed di-men-
 []


Underfull \hbox (badness 4859) in paragraph at lines 304--304
[]|\OT1/ptm/m/n/10 Statistical es-ti-ma-tion
 []


Underfull \hbox (badness 2961) in paragraph at lines 304--304
\OT1/ptm/m/n/10 tween two or more
 []


Underfull \hbox (badness 5756) in paragraph at lines 304--304
[]|\OT1/ptm/m/n/10 Reasonably low ef-
 []


Underfull \hbox (badness 4739) in paragraph at lines 304--304
\OT1/ptm/m/n/10 ploy-ment with con-
 []


Underfull \hbox (badness 5091) in paragraph at lines 304--305
\OT1/ptm/m/n/10 in par-al-lel []Kopanos
 []


Overfull \hbox (10.48187pt too wide) in alignment at lines 272--306
 [] [] [] [] [] 
 []

[7

] [8] [9] [10]

Package natbib Warning: Citation `RefB' on page 11 undefined on input line 346.



Package natbib Warning: Citation `RefJ' on page 11 undefined on input line 346.


Package epstopdf Info: Source file: <example.eps>
(epstopdf)                    date: 2015-10-29 14:29:44
(epstopdf)                    size: 286 bytes
(epstopdf)             Output file: <example-eps-converted-to.pdf>
(epstopdf)                    date: 2015-10-29 14:31:27
(epstopdf)                    size: 2421 bytes
(epstopdf)             Command: <repstopdf --outfile=example-eps-converted-to.p
df example.eps>
(epstopdf)             \includegraphics on input line 360.
Package epstopdf Info: Output file is already uptodate.
<example-eps-converted-to.pdf, id=374, 202.7575pt x 202.7575pt>
File: example-eps-converted-to.pdf Graphic file (type pdf)

<use example-eps-converted-to.pdf>
Package pdftex.def Info: example-eps-converted-to.pdf used on input line 360.
(pdftex.def)             Requested size: 202.757pt x 202.757pt.
Package epstopdf Info: Source file: <example.eps>
(epstopdf)                    date: 2015-10-29 14:29:44
(epstopdf)                    size: 286 bytes
(epstopdf)             Output file: <example-eps-converted-to.pdf>
(epstopdf)                    date: 2015-10-29 14:31:27
(epstopdf)                    size: 2421 bytes
(epstopdf)             Command: <repstopdf --outfile=example-eps-converted-to.p
df example.eps>
(epstopdf)             \includegraphics on input line 370.
Package epstopdf Info: Output file is already uptodate.
File: example-eps-converted-to.pdf Graphic file (type pdf)
 <use example-eps-converted-to.pdf>
Package pdftex.def Info: example-eps-converted-to.pdf used on input line 370.
(pdftex.def)             Requested size: 371.25pt x 371.26225pt.

(./SeanHayesPaper1longtable.bbl
Underfull \hbox (badness 1024) in paragraph at lines 29--33
\OT1/ptm/m/n/10 In-dus-try. Chem-i-cal En-gi-neer-ing Trans-ac-tions 33:271--
 []


Underfull \hbox (badness 1342) in paragraph at lines 29--33
\OT1/ptm/m/n/10 276, DOI $10 . 3303 / CET1333046$, URL []$\OT1/cmtt/m/n/10 http
 : / / www .
 []


Underfull \hbox (badness 2970) in paragraph at lines 43--48
[]\OT1/ptm/m/n/10 Dapeng Niu, Aip-ing Shi, Yuqing Chang, Fuli Wang
 []


Underfull \hbox (badness 1303) in paragraph at lines 43--48
\OT1/ptm/m/n/10 (2011) Mod-elling of mul-ti-stage cen-trifu-gal com-pres-
 []


Underfull \hbox (badness 3503) in paragraph at lines 43--48
\OT1/ptm/m/n/10 sor. In: Pro-ceed-ings of 2011 In-ter-na-tional Con-fer-
 []


Underfull \vbox (badness 4205) has occurred while \output is active []

 [11

 <./example-eps-converted-to.pdf>]
Underfull \hbox (badness 4713) in paragraph at lines 55--60
\OT1/ptm/m/n/10 s00170-[]012-[]4639-[]5$, URL []$\OT1/cmtt/m/n/10 http : / / li
nk . springer .
 []


Underfull \hbox (badness 1803) in paragraph at lines 68--73
\OT1/ptm/m/n/10 En-ergy and LCC Op-ti-mised De-sign of Com-pressed
 []


Underfull \hbox (badness 3657) in paragraph at lines 68--73
\OT1/ptm/m/n/10 with Gen-eral Ap-pli-ca-bil-ity. 2012 UK-Sim 14th In-
 []


Underfull \hbox (badness 2351) in paragraph at lines 68--73
\OT1/ptm/m/n/10 ter-na-tional Con-fer-ence on Com-puter Mod-elling and
 []


Underfull \hbox (badness 8075) in paragraph at lines 68--73
\OT1/ptm/m/n/10 74$, URL []$\OT1/cmtt/m/n/10 http : / / ieeexplore . ieee . org
 / lpdocs /
 []


Underfull \vbox (badness 10000) has occurred while \output is active []


Underfull \hbox (badness 10000) in paragraph at lines 81--85
[]\OT1/ptm/m/n/10 Glass aS, Gru-ber P, Roos M, Todtli J (1995)
 []


Underfull \hbox (badness 10000) in paragraph at lines 81--85
\OT1/ptm/m/n/10 Qual-i-ta-tive model-based fault de-tec-tion in air-
 []


Underfull \hbox (badness 10000) in paragraph at lines 81--85
\OT1/ptm/m/n/10 handling units. IEEE Con-trol Sys-tems Mag-a-
 []


Underfull \hbox (badness 10000) in paragraph at lines 81--85
\OT1/ptm/m/n/10 zine 15(4):11--22, DOI $10 . 1109 / 37 . 408465$, URL
 []


Underfull \hbox (badness 10000) in paragraph at lines 81--85
[]$\OT1/cmtt/m/n/10 http : / / www . scopus . com / inward / record . url ?
 []


Underfull \hbox (badness 10000) in paragraph at lines 81--85
\OT1/cmtt/m/n/10 eid = 2-[]s2 . 0-[]0029359274{&}partnerID = 40{&}md5 =
 []


Underfull \hbox (badness 3354) in paragraph at lines 90--94
\OT1/ptm/m/n/10 sor valve fault di-ag-no-sis us-ing feed-for-ward neu-ral
 []


Underfull \hbox (badness 3088) in paragraph at lines 90--94
\OT1/ptm/m/n/10 net-works. Me-chan-i-cal Sys-tems and Sig-nal Pro-cess-
 []


Underfull \hbox (badness 10000) in paragraph at lines 90--94
\OT1/ptm/m/n/10 ing 9(5):527--536, DOI $10 . 1006 / mssp . 1995 . 0040$,
 []


Underfull \hbox (badness 10000) in paragraph at lines 90--94
\OT1/ptm/m/n/10 URL []$\OT1/cmtt/m/n/10 http : / / www . sciencedirect . com / 
science /
 []


Underfull \hbox (badness 3514) in paragraph at lines 96--101
\OT1/ptm/m/n/10 and Ge-netic Al-go-rithm. 2008 7th World Congress
 []


Underfull \hbox (badness 5908) in paragraph at lines 96--101
\OT1/ptm/m/n/10 on In-tel-li-gent Con-trol and Au-toma-tion pp 6006--
 []


Underfull \hbox (badness 10000) in paragraph at lines 96--101
\OT1/ptm/m/n/10 6010, DOI $10 . 1109 / WCICA . 2008 . 4592852$, URL
 []


Underfull \hbox (badness 10000) in paragraph at lines 96--101
[]$\OT1/cmtt/m/n/10 http : / / ieeexplore . ieee . org / lpdocs / epic03 /
 []


Underfull \vbox (badness 10000) has occurred while \output is active []

 [12]
Missing character: There is no ‚ in font ptmr7t!
Missing character: There is no Ä in font ptmr7t!
Missing character: There is no ì in font ptmr7t!

Underfull \hbox (badness 3780) in paragraph at lines 104--109
[]\OT1/ptm/m/n/10 Kopanos GM, Xenos DP, Ci-c-ciotti M, Pis-tikopou-los
 []


Underfull \hbox (badness 1642) in paragraph at lines 104--109
\OT1/ptm/m/n/10 of com-pres-sors in par-al-lel: Op-er-a-tional and main-te-
 []


Underfull \hbox (badness 1292) in paragraph at lines 104--109
\OT1/ptm/m/n/10 nance plan-ning  The air sep-a-ra-tion plant case. Ap-
 []


Underfull \hbox (badness 2846) in paragraph at lines 104--109
\OT1/ptm/m/n/10 plied En-ergy 146:453--470, DOI $10 . 1016 / j . apenergy .
 []


Underfull \hbox (badness 3396) in paragraph at lines 104--109
\OT1/ptm/m/n/10 2015 . 01 . 080$, URL []$\OT1/cmtt/m/n/10 http : / / linkinghub
 . elsevier .
 []


Underfull \hbox (badness 3735) in paragraph at lines 125--129
\OT1/ptm/m/n/10 Sub-space. In-dus-trial & En-gi-neer-ing Chem-istry Re-
 []


Underfull \hbox (badness 10000) in paragraph at lines 125--129
[]$\OT1/cmtt/m/n/10 http : / / www . scopus . com / inward / record . url ?
 []


Underfull \hbox (badness 1005) in paragraph at lines 131--135
[]\OT1/ptm/m/n/10 Liu SYSC (2001) An Ef-fi-cient Ex-pert Sys-tem for Air
 []


Underfull \hbox (badness 2626) in paragraph at lines 131--135
\OT1/ptm/m/n/10 214, DOI $10 . 1111 / 1468-[]0394 . 00175$, URL []$\OT1/cmtt/m/
n/10 http : / /
 []


Underfull \hbox (badness 1874) in paragraph at lines 137--143
\OT1/ptm/m/n/10 538$, URL []$\OT1/cmtt/m/n/10 http : / / ieeexplore . ieee . or
g / lpdocs /
 []


Underfull \hbox (badness 5563) in paragraph at lines 145--150
[]\OT1/ptm/m/n/10 Mazid AM, Mar-tin R (2008) Au-toma-tion of com-
 []


Underfull \hbox (badness 2884) in paragraph at lines 145--150
\OT1/ptm/m/n/10 pres-sor test pro-ce-dure us-ing ad-van-tech data ac-qui-
 []


Underfull \hbox (badness 3118) in paragraph at lines 145--150
\OT1/ptm/m/n/10 si-tion mod-ule. In: 2008 10th In-ter-na-tional Con-fer-
 []


Underfull \hbox (badness 1831) in paragraph at lines 145--150
\OT1/ptm/m/n/10 ence on Con-trol, Au-toma-tion, Robotics and Vi-sion,
 []


Underfull \hbox (badness 3281) in paragraph at lines 153--158
[]\OT1/ptm/m/n/10 Nair AT, Rad-hakr-ish-nan TK, Srini-vasan K, Romi-nus
 []


Underfull \hbox (badness 1694) in paragraph at lines 153--158
\OT1/ptm/m/n/10 on Pro-cess Au-toma-tion, Con-trol and Com-put-ing pp
 []


Underfull \hbox (badness 1521) in paragraph at lines 153--158
\OT1/ptm/m/n/10 1--5, DOI $10 . 1109 / PACC . 2011 . 5978971$, URL []$\OT1/cmtt
/m/n/10 http :
 []


Underfull \hbox (badness 10000) in paragraph at lines 153--158
\OT1/cmtt/m/n/10 / / ieeexplore . ieee . org / xpls / abs{_}all . jsp ?
 []


Underfull \hbox (badness 10000) in paragraph at lines 153--158
\OT1/cmtt/m/n/10 arnumber = 5978971$ \ delimiter"026E30F$nhttp :
 []


Underfull \hbox (badness 10000) in paragraph at lines 153--158
\OT1/cmtt/m/n/10 / / ieeexplore . ieee . org / lpdocs / epic03 /
 []


Underfull \vbox (badness 10000) has occurred while \output is active []


Underfull \hbox (badness 3792) in paragraph at lines 160--164
[]\OT1/ptm/m/n/10 Pathak N, Khan M, Roy N (2015) Acous-tic based
 []


Underfull \hbox (badness 3158) in paragraph at lines 160--164
\OT1/ptm/m/n/10 an-a-lyt-ics. IEEE In-ter-na-tional Con-fer-ence on Per-va-
 []


Underfull \hbox (badness 3078) in paragraph at lines 160--164
\OT1/ptm/m/n/10 sive Com-put-ing and Com-mu-ni-ca-tions (Per-Com) pp
 []


Underfull \hbox (badness 2245) in paragraph at lines 160--164
\OT1/ptm/m/n/10 63--70, URL []$\OT1/cmtt/m/n/10 http : / / ieeexplore . ieee . 
org / xpls /
 []


Underfull \hbox (badness 4608) in paragraph at lines 167--171
\OT1/ptm/m/n/10 On-line adap-tive clus-ter-ing for pro-cess mon-i-tor-ing
 []


Underfull \hbox (badness 3128) in paragraph at lines 190--195
[]\OT1/ptm/m/n/10 Ren Y, Zhang L, Ye Y, Liang W, Yang H (2012)
 []


Underfull \hbox (badness 5064) in paragraph at lines 190--195
\OT1/ptm/m/n/10 Re-li-a-bil-ity As-sess-ment of Anti-surge Con-trol Sys-
 []


Underfull \hbox (badness 2653) in paragraph at lines 190--195
\OT1/ptm/m/n/10 tem in Cen-trifu-gal Com-pres-sor. 2012 Fourth In-ter-
 []


Underfull \hbox (badness 1552) in paragraph at lines 190--195
\OT1/ptm/m/n/10 na-tional Con-fer-ence on Com-pu-ta-tional and In-for-ma-
 []


Underfull \hbox (badness 1874) in paragraph at lines 190--195
\OT1/ptm/m/n/10 218$, URL []$\OT1/cmtt/m/n/10 http : / / ieeexplore . ieee . or
g / lpdocs /
 []


Underfull \hbox (badness 2165) in paragraph at lines 198--203
[]\OT1/ptm/m/n/10 Ruilin Lin, Boyun Liu, Qi Liu (2010) Study of the
 []


Underfull \hbox (badness 4981) in paragraph at lines 198--203
\OT1/ptm/m/n/10 non-liner dy-namic sys-tem the-ory for re-cip-ro-cat-ing
 []


Underfull \hbox (badness 6173) in paragraph at lines 198--203
\OT1/ptm/m/n/10 com-pres-sor fault di-ag-no-sis. In: 2010 In-ter-na-tional
 []


Underfull \hbox (badness 5924) in paragraph at lines 198--203
\OT1/ptm/m/n/10 Con-fer-ence on Com-puter Ap-pli-ca-tion and Sys-tem
 []


Underfull \hbox (badness 2326) in paragraph at lines 198--203
\OT1/ptm/m/n/10 V9--248, DOI $10 . 1109 / ICCASM . 2010 . 5623041$, URL
 []


Underfull \hbox (badness 10000) in paragraph at lines 198--203
[]$\OT1/cmtt/m/n/10 http : / / ieeexplore . ieee . org / lpdocs / epic03 /
 []


Underfull \hbox (badness 2057) in paragraph at lines 205--209
[]\OT1/ptm/m/n/10 Saidur R, Rahim N, Hasanuz-za-man M (2010) A re-
 []


Underfull \hbox (badness 1033) in paragraph at lines 205--209
\OT1/ptm/m/n/10 view on compressed-air en-ergy use and en-ergy sav-
 []


Underfull \hbox (badness 6412) in paragraph at lines 205--209
\OT1/ptm/m/n/10 ings. Re-new-able and Sus-tain-able En-ergy Re-views
 []


Underfull \hbox (badness 10000) in paragraph at lines 205--209
\OT1/ptm/m/n/10 14(4):1135--1153, DOI $10 . 1016 / j . rser . 2009 . 11 . 013$,

 []


Underfull \hbox (badness 10000) in paragraph at lines 205--209
\OT1/ptm/m/n/10 URL []$\OT1/cmtt/m/n/10 http : / / www . sciencedirect . com / 
science /
 []


Underfull \hbox (badness 5548) in paragraph at lines 211--216
[]\OT1/ptm/m/n/10 Salar A, Hos-seini SM, Zang-molk BR, Sedigh AK
 []


Underfull \hbox (badness 2617) in paragraph at lines 211--216
\OT1/ptm/m/n/10 ag-no-sis Us-ing Multi-Operating Point Method. 2010
 []


Underfull \hbox (badness 2980) in paragraph at lines 211--216
\OT1/ptm/m/n/10 Fourth UK-Sim Eu-ro-pean Sym-po-sium on Com-puter
 []


Underfull \vbox (badness 10000) has occurred while \output is active []

 [13]
Underfull \hbox (badness 1286) in paragraph at lines 218--220
[]\OT1/ptm/m/n/10 SEAI (2007) Spe-cial Work-ing Group HVAC (SPIN I)
 []


Underfull \hbox (badness 10000) in paragraph at lines 218--220
\OT1/cmtt/m/n/10 Your{_}Business / Large{_}Energy{_}Users /
 []


Underfull \hbox (badness 10000) in paragraph at lines 218--220
\OT1/cmtt/m/n/10 Special{_}Initiatives /
 []


Underfull \hbox (badness 2205) in paragraph at lines 222--227
[]\OT1/ptm/m/n/10 Shin Bs, Lee CJ, Lee G, Yoon ES (2007) Ap-pli-ca-
 []


Underfull \hbox (badness 2142) in paragraph at lines 222--227
\OT1/ptm/m/n/10 PCA with lin-ear fault bound-ary. 2007 In-ter-na-tional
 []


Underfull \hbox (badness 7468) in paragraph at lines 222--227
\OT1/ptm/m/n/10 984--987, DOI $10 . 1109 / ICCAS . 2007 . 4407067$, URL
 []


Underfull \hbox (badness 10000) in paragraph at lines 222--227
[]$\OT1/cmtt/m/n/10 http : / / ieeexplore . ieee . org / lpdocs / epic03 /
 []


Underfull \hbox (badness 1199) in paragraph at lines 256--261
[]\OT1/ptm/m/n/10 Wang F, Song L, Zhang L, Li H (2010) Fault Di-ag-
 []


Underfull \hbox (badness 8075) in paragraph at lines 256--261
\OT1/ptm/m/n/10 91$, URL []$\OT1/cmtt/m/n/10 http : / / ieeexplore . ieee . org
 / lpdocs /
 []


Underfull \hbox (badness 4378) in paragraph at lines 263--267
[]\OT1/ptm/m/n/10 Wang S, Cui J (2005) Sensor-fault de-tec-tion, di-ag-
 []


Underfull \hbox (badness 2173) in paragraph at lines 263--267
\OT1/ptm/m/n/10 no-sis and es-ti-ma-tion for cen-trifu-gal chiller sys-tems
 []


Underfull \hbox (badness 2285) in paragraph at lines 263--267
\OT1/ptm/m/n/10 us-ing principal-component anal-y-sis method. Ap-plied
 []


Underfull \hbox (badness 1742) in paragraph at lines 263--267
\OT1/ptm/m/n/10 En-ergy 82(3):197--213, DOI $10 . 1016 / j . apenergy . 2004 .
 []


Underfull \hbox (badness 5217) in paragraph at lines 263--267
\OT1/ptm/m/n/10 11 . 002$, URL []$\OT1/cmtt/m/n/10 http : / / linkinghub . else
vier . com /
 []


Underfull \hbox (badness 2134) in paragraph at lines 269--273
[]\OT1/ptm/m/n/10 Wheeler TJ, Seiler P, Packard AK, Balas GJ (2011)
 []


Underfull \hbox (badness 10000) in paragraph at lines 269--273
\OT1/ptm/m/n/10 Per-for-mance anal-y-sis of fault de-tec-tion sys-tems
 []


Underfull \hbox (badness 10000) in paragraph at lines 269--273
\OT1/ptm/m/n/10 based on an-a-lyt-i-cally re-dun-dant lin-ear time-
 []


Underfull \hbox (badness 10000) in paragraph at lines 269--273
\OT1/ptm/m/n/10 invariant dy-nam-ics. Pro-ceed-ings of the Amer-
 []


Underfull \hbox (badness 10000) in paragraph at lines 269--273
\OT1/ptm/m/n/10 i-can Con-trol Con-fer-ence pp 214--219, URL
 []


Underfull \hbox (badness 10000) in paragraph at lines 269--273
[]$\OT1/cmtt/m/n/10 http : / / www . scopus . com / inward / record . url ?
 []


Underfull \vbox (badness 10000) has occurred while \output is active []


Underfull \hbox (badness 5105) in paragraph at lines 300--305
[]\OT1/ptm/m/n/10 Zanoli SM, As-tolfi G, Bar-boni L (2010b) FDI of
 []


Underfull \hbox (badness 2644) in paragraph at lines 300--305
\OT1/ptm/m/n/10 pro-cess faults based on PCA and clus-ter anal-y-sis.
 []


Underfull \hbox (badness 2772) in paragraph at lines 300--305
\OT1/ptm/m/n/10 tems (Sys-Tol) pp 197--202, DOI $10 . 1109 / SYSTOL .
 []


Underfull \hbox (badness 2119) in paragraph at lines 307--313
\OT1/ptm/m/n/10 and Mea-sure-ment, Sen-sor Net-work and Au-toma-tion
 []


Underfull \hbox (badness 1033) in paragraph at lines 307--313
\OT1/ptm/m/n/10 (IM-SNA), IEEE, pp 202--206, DOI $10 . 1109 / IMSNA .
 []

)

Package natbib Warning: There were undefined citations.

Package atveryend Info: Empty hook `BeforeClearDocument' on input line 419.
[14]
Package atveryend Info: Empty hook `AfterLastShipout' on input line 419.
 (./SeanHayesPaper1longtable.aux)
Package atveryend Info: Executing hook `AtVeryEndDocument' on input line 419.
Package atveryend Info: Executing hook `AtEndAfterFileList' on input line 419.
Package rerunfilecheck Info: File `SeanHayesPaper1longtable.out' has not change
d.
(rerunfilecheck)             Checksum: 747B6F8D3E2EBF5D37CD43FF110C155B;936.
Package atveryend Info: Empty hook `AtVeryVeryEnd' on input line 419.
 ) 
Here is how much of TeX's memory you used:
 6902 strings out of 493308
 102661 string characters out of 6141367
 308593 words of memory out of 5000000
 10178 multiletter control sequences out of 15000+600000
 34137 words of font info for 73 fonts, out of 8000000 for 9000
 957 hyphenation exceptions out of 8191
 29i,10n,33p,1370b,478s stack positions out of 5000i,500n,10000p,200000b,80000s
{c:/texlive/2013/texmf-dist/fonts/enc/dvips/base/8r.enc}<c:/texlive/2013/texm
f-dist/fonts/type1/public/amsfonts/cm/cmr10.pfb><c:/texlive/2013/texmf-dist/fon
ts/type1/public/amsfonts/cm/cmsy10.pfb><c:/texlive/2013/texmf-dist/fonts/type1/
public/amsfonts/cm/cmtt10.pfb><c:/texlive/2013/texmf-dist/fonts/type1/urw/times
/utmb8a.pfb><c:/texlive/2013/texmf-dist/fonts/type1/urw/times/utmr8a.pfb><c:/te
xlive/2013/texmf-dist/fonts/type1/urw/times/utmri8a.pfb>
Output written on SeanHayesPaper1longtable.pdf (14 pages, 488231 bytes).
PDF statistics:
 524 PDF objects out of 1000 (max. 8388607)
 436 compressed objects within 5 object streams
 95 named destinations out of 1000 (max. 500000)
 146 words of extra memory for PDF output out of 10000 (max. 10000000)

